2025-07-22 17:36:20,365 INFO supervisord started with pid 1
2025-07-22 17:36:21,369 INFO spawned: 'nginx' with pid 7
2025-07-22 17:36:21,372 INFO spawned: 'php-fpm' with pid 8
2025-07-22 17:36:21,378 WARN exited: nginx (exit status 1; not expected)
2025-07-22 17:36:22,404 INFO spawned: 'nginx' with pid 11
2025-07-22 17:36:22,405 INFO success: php-fpm entered RUNNING state, process has stayed up for > than 1 seconds (startsecs)
2025-07-22 17:36:22,414 WARN exited: nginx (exit status 1; not expected)
2025-07-22 17:36:24,418 INFO spawned: 'nginx' with pid 12
2025-07-22 17:36:24,429 WARN exited: nginx (exit status 1; not expected)
2025-07-22 17:36:27,435 INFO spawned: 'nginx' with pid 13
2025-07-22 17:36:27,444 WARN exited: nginx (exit status 1; not expected)
2025-07-22 17:36:28,446 INFO gave up: nginx entered FATAL state, too many start retries too quickly
2025-07-22 18:02:57,933 WARN received SIGQUIT indicating exit request
2025-07-22 18:02:57,934 INFO waiting for php-fpm to die
2025-07-22 18:02:57,943 INFO stopped: php-fpm (exit status 0)
2025-07-22 18:03:04,484 INFO supervisord started with pid 1
2025-07-22 18:03:05,488 INFO spawned: 'nginx' with pid 7
2025-07-22 18:03:05,491 INFO spawned: 'php-fpm' with pid 8
2025-07-22 18:03:05,499 WARN exited: nginx (exit status 1; not expected)
2025-07-22 18:03:06,529 INFO spawned: 'nginx' with pid 11
2025-07-22 18:03:06,530 INFO success: php-fpm entered RUNNING state, process has stayed up for > than 1 seconds (startsecs)
2025-07-22 18:03:06,540 WARN exited: nginx (exit status 1; not expected)
2025-07-22 18:03:08,545 INFO spawned: 'nginx' with pid 12
2025-07-22 18:03:08,554 WARN exited: nginx (exit status 1; not expected)
2025-07-22 18:03:11,561 INFO spawned: 'nginx' with pid 13
2025-07-22 18:03:11,572 WARN exited: nginx (exit status 1; not expected)
2025-07-22 18:03:12,573 INFO gave up: nginx entered FATAL state, too many start retries too quickly
2025-07-22 18:07:40,868 WARN received SIGQUIT indicating exit request
2025-07-22 18:07:40,869 INFO waiting for php-fpm to die
2025-07-22 18:07:40,876 INFO stopped: php-fpm (exit status 0)
2025-07-22 18:08:01,152 INFO supervisord started with pid 1
2025-07-22 18:08:02,156 INFO spawned: 'nginx' with pid 7
2025-07-22 18:08:02,159 INFO spawned: 'php-fpm' with pid 8
2025-07-22 18:08:02,170 WARN exited: nginx (exit status 1; not expected)
2025-07-22 18:08:03,206 INFO spawned: 'nginx' with pid 11
2025-07-22 18:08:03,207 INFO success: php-fpm entered RUNNING state, process has stayed up for > than 1 seconds (startsecs)
2025-07-22 18:08:03,218 WARN exited: nginx (exit status 1; not expected)
2025-07-22 18:08:05,222 INFO spawned: 'nginx' with pid 12
2025-07-22 18:08:05,236 WARN exited: nginx (exit status 1; not expected)
2025-07-22 18:08:08,243 INFO spawned: 'nginx' with pid 13
2025-07-22 18:08:08,253 WARN exited: nginx (exit status 1; not expected)
2025-07-22 18:08:09,254 INFO gave up: nginx entered FATAL state, too many start retries too quickly
2025-07-22 18:09:42,949 WARN received SIGQUIT indicating exit request
2025-07-22 18:09:42,950 INFO waiting for php-fpm to die
2025-07-22 18:09:42,959 INFO stopped: php-fpm (exit status 0)
2025-07-22 18:09:48,290 INFO supervisord started with pid 1
2025-07-22 18:09:49,294 INFO spawned: 'nginx' with pid 7
2025-07-22 18:09:49,297 INFO spawned: 'php-fpm' with pid 8
2025-07-22 18:09:49,304 WARN exited: nginx (exit status 1; not expected)
2025-07-22 18:09:50,334 INFO spawned: 'nginx' with pid 11
2025-07-22 18:09:50,334 INFO success: php-fpm entered RUNNING state, process has stayed up for > than 1 seconds (startsecs)
2025-07-22 18:09:50,344 WARN exited: nginx (exit status 1; not expected)
2025-07-22 18:09:52,888 INFO spawned: 'nginx' with pid 12
2025-07-22 18:09:52,899 WARN exited: nginx (exit status 1; not expected)
2025-07-22 18:09:55,905 INFO spawned: 'nginx' with pid 13
2025-07-22 18:09:55,916 WARN exited: nginx (exit status 1; not expected)
2025-07-22 18:09:56,918 INFO gave up: nginx entered FATAL state, too many start retries too quickly
2025-07-22 21:41:48,110 WARN received SIGQUIT indicating exit request
2025-07-22 21:41:48,110 INFO waiting for php-fpm to die
2025-07-22 21:41:48,116 INFO stopped: php-fpm (exit status 0)
2025-07-22 21:41:54,256 INFO supervisord started with pid 1
2025-07-22 21:41:55,260 INFO spawned: 'nginx' with pid 7
2025-07-22 21:41:55,263 INFO spawned: 'php-fpm' with pid 8
2025-07-22 21:41:55,269 WARN exited: nginx (exit status 1; not expected)
2025-07-22 21:41:56,299 INFO spawned: 'nginx' with pid 11
2025-07-22 21:41:56,300 INFO success: php-fpm entered RUNNING state, process has stayed up for > than 1 seconds (startsecs)
2025-07-22 21:41:56,309 WARN exited: nginx (exit status 1; not expected)
2025-07-22 21:41:58,315 INFO spawned: 'nginx' with pid 12
2025-07-22 21:41:58,326 WARN exited: nginx (exit status 1; not expected)
2025-07-22 21:42:01,333 INFO spawned: 'nginx' with pid 13
2025-07-22 21:42:01,344 WARN exited: nginx (exit status 1; not expected)
2025-07-22 21:42:02,345 INFO gave up: nginx entered FATAL state, too many start retries too quickly
2025-07-22 21:42:13,357 WARN received SIGQUIT indicating exit request
2025-07-22 21:42:13,357 INFO waiting for php-fpm to die
2025-07-22 21:42:13,366 INFO stopped: php-fpm (exit status 0)
2025-07-22 21:49:01,850 INFO supervisord started with pid 1
2025-07-22 21:49:02,854 INFO spawned: 'nginx' with pid 7
2025-07-22 21:49:02,858 INFO spawned: 'php-fpm' with pid 8
2025-07-22 21:49:02,865 WARN exited: nginx (exit status 1; not expected)
2025-07-22 21:49:03,895 INFO spawned: 'nginx' with pid 11
2025-07-22 21:49:03,896 INFO success: php-fpm entered RUNNING state, process has stayed up for > than 1 seconds (startsecs)
2025-07-22 21:49:03,905 WARN exited: nginx (exit status 1; not expected)
2025-07-22 21:49:05,910 INFO spawned: 'nginx' with pid 12
2025-07-22 21:49:05,920 WARN exited: nginx (exit status 1; not expected)
2025-07-22 21:49:08,928 INFO spawned: 'nginx' with pid 13
2025-07-22 21:49:08,938 WARN exited: nginx (exit status 1; not expected)
2025-07-22 21:49:09,940 INFO gave up: nginx entered FATAL state, too many start retries too quickly
2025-07-23 09:10:46,250 WARN received SIGQUIT indicating exit request
2025-07-23 09:10:46,251 INFO waiting for php-fpm to die
2025-07-23 09:10:46,259 INFO stopped: php-fpm (exit status 0)
2025-07-23 09:10:57,378 INFO supervisord started with pid 1
2025-07-23 09:10:58,383 INFO spawned: 'nginx' with pid 7
2025-07-23 09:10:58,386 INFO spawned: 'php-fpm' with pid 8
2025-07-23 09:10:58,394 WARN exited: nginx (exit status 1; not expected)
2025-07-23 09:10:59,414 INFO spawned: 'nginx' with pid 11
2025-07-23 09:10:59,415 INFO success: php-fpm entered RUNNING state, process has stayed up for > than 1 seconds (startsecs)
2025-07-23 09:10:59,425 WARN exited: nginx (exit status 1; not expected)
2025-07-23 09:11:01,431 INFO spawned: 'nginx' with pid 12
2025-07-23 09:11:01,443 WARN exited: nginx (exit status 1; not expected)
2025-07-23 09:11:04,451 INFO spawned: 'nginx' with pid 13
2025-07-23 09:11:04,462 WARN exited: nginx (exit status 1; not expected)
2025-07-23 09:11:05,464 INFO gave up: nginx entered FATAL state, too many start retries too quickly
2025-07-23 10:36:21,784 WARN received SIGQUIT indicating exit request
2025-07-23 10:36:21,784 INFO waiting for php-fpm to die
2025-07-23 10:36:21,792 INFO stopped: php-fpm (exit status 0)
2025-07-23 10:36:26,793 INFO supervisord started with pid 1
2025-07-23 10:36:27,795 INFO spawned: 'nginx' with pid 7
2025-07-23 10:36:27,797 INFO spawned: 'php-fpm' with pid 8
2025-07-23 10:36:27,807 WARN exited: nginx (exit status 1; not expected)
2025-07-23 10:36:28,829 INFO spawned: 'nginx' with pid 11
2025-07-23 10:36:28,830 INFO success: php-fpm entered RUNNING state, process has stayed up for > than 1 seconds (startsecs)
2025-07-23 10:36:28,842 WARN exited: nginx (exit status 1; not expected)
2025-07-23 10:36:30,847 INFO spawned: 'nginx' with pid 12
2025-07-23 10:36:30,863 WARN exited: nginx (exit status 1; not expected)
2025-07-23 10:36:34,280 INFO spawned: 'nginx' with pid 13
2025-07-23 10:36:34,291 WARN exited: nginx (exit status 1; not expected)
2025-07-23 10:36:35,292 INFO gave up: nginx entered FATAL state, too many start retries too quickly
2025-07-23 10:37:34,357 WARN received SIGQUIT indicating exit request
2025-07-23 10:37:34,358 INFO waiting for php-fpm to die
2025-07-23 10:37:34,367 INFO stopped: php-fpm (exit status 0)
2025-07-23 10:37:39,534 INFO supervisord started with pid 1
2025-07-23 10:37:40,538 INFO spawned: 'nginx' with pid 7
2025-07-23 10:37:40,541 INFO spawned: 'php-fpm' with pid 8
2025-07-23 10:37:40,549 WARN exited: nginx (exit status 1; not expected)
2025-07-23 10:37:41,570 INFO spawned: 'nginx' with pid 11
2025-07-23 10:37:41,571 INFO success: php-fpm entered RUNNING state, process has stayed up for > than 1 seconds (startsecs)
2025-07-23 10:37:41,581 WARN exited: nginx (exit status 1; not expected)
2025-07-23 10:37:43,587 INFO spawned: 'nginx' with pid 12
2025-07-23 10:37:43,599 WARN exited: nginx (exit status 1; not expected)
2025-07-23 10:37:46,826 INFO spawned: 'nginx' with pid 13
2025-07-23 10:37:46,840 WARN exited: nginx (exit status 1; not expected)
2025-07-23 10:37:47,841 INFO gave up: nginx entered FATAL state, too many start retries too quickly
2025-07-23 11:41:54,827 INFO supervisord started with pid 1
2025-07-23 11:41:55,832 INFO spawned: 'nginx' with pid 7
2025-07-23 11:41:55,836 INFO spawned: 'php-fpm' with pid 8
2025-07-23 11:41:55,844 WARN exited: nginx (exit status 1; not expected)
2025-07-23 11:41:56,882 INFO spawned: 'nginx' with pid 11
2025-07-23 11:41:56,883 INFO success: php-fpm entered RUNNING state, process has stayed up for > than 1 seconds (startsecs)
2025-07-23 11:41:56,895 WARN exited: nginx (exit status 1; not expected)
2025-07-23 11:41:58,900 INFO spawned: 'nginx' with pid 12
2025-07-23 11:41:58,912 WARN exited: nginx (exit status 1; not expected)
2025-07-23 11:42:01,920 INFO spawned: 'nginx' with pid 13
2025-07-23 11:42:01,933 WARN exited: nginx (exit status 1; not expected)
2025-07-23 11:42:02,934 INFO gave up: nginx entered FATAL state, too many start retries too quickly
2025-07-23 11:42:45,988 WARN received SIGQUIT indicating exit request
2025-07-23 11:42:45,989 INFO waiting for php-fpm to die
2025-07-23 11:42:45,998 INFO stopped: php-fpm (exit status 0)
2025-07-23 11:42:52,481 INFO supervisord started with pid 1
2025-07-23 11:42:53,486 INFO spawned: 'nginx' with pid 7
2025-07-23 11:42:53,489 INFO spawned: 'php-fpm' with pid 8
2025-07-23 11:42:53,501 WARN exited: nginx (exit status 1; not expected)
2025-07-23 11:42:54,536 INFO spawned: 'nginx' with pid 11
2025-07-23 11:42:54,537 INFO success: php-fpm entered RUNNING state, process has stayed up for > than 1 seconds (startsecs)
2025-07-23 11:42:54,549 WARN exited: nginx (exit status 1; not expected)
2025-07-23 11:42:56,555 INFO spawned: 'nginx' with pid 12
2025-07-23 11:42:56,568 WARN exited: nginx (exit status 1; not expected)
2025-07-23 11:42:59,576 INFO spawned: 'nginx' with pid 13
2025-07-23 11:42:59,587 WARN exited: nginx (exit status 1; not expected)
2025-07-23 11:43:00,589 INFO gave up: nginx entered FATAL state, too many start retries too quickly
2025-07-23 12:01:58,304 WARN received SIGQUIT indicating exit request
2025-07-23 12:01:58,305 INFO waiting for php-fpm to die
2025-07-23 12:01:58,313 INFO stopped: php-fpm (exit status 0)
2025-07-23 12:02:01,963 INFO supervisord started with pid 1
2025-07-23 12:02:02,967 INFO spawned: 'nginx' with pid 7
2025-07-23 12:02:02,970 INFO spawned: 'php-fpm' with pid 8
2025-07-23 12:02:02,981 WARN exited: nginx (exit status 1; not expected)
2025-07-23 12:02:04,019 INFO spawned: 'nginx' with pid 11
2025-07-23 12:02:04,020 INFO success: php-fpm entered RUNNING state, process has stayed up for > than 1 seconds (startsecs)
2025-07-23 12:02:04,032 WARN exited: nginx (exit status 1; not expected)
2025-07-23 12:02:06,039 INFO spawned: 'nginx' with pid 12
2025-07-23 12:02:06,052 WARN exited: nginx (exit status 1; not expected)
2025-07-23 12:02:09,059 INFO spawned: 'nginx' with pid 13
2025-07-23 12:02:09,072 WARN exited: nginx (exit status 1; not expected)
2025-07-23 12:02:10,073 INFO gave up: nginx entered FATAL state, too many start retries too quickly
2025-07-23 12:03:33,650 WARN received SIGQUIT indicating exit request
2025-07-23 12:03:33,650 INFO waiting for php-fpm to die
2025-07-23 12:03:33,660 INFO stopped: php-fpm (exit status 0)
2025-07-23 12:03:37,931 INFO supervisord started with pid 1
2025-07-23 12:03:38,935 INFO spawned: 'nginx' with pid 7
2025-07-23 12:03:38,938 INFO spawned: 'php-fpm' with pid 8
2025-07-23 12:03:38,948 WARN exited: nginx (exit status 1; not expected)
2025-07-23 12:03:39,983 INFO spawned: 'nginx' with pid 11
2025-07-23 12:03:39,983 INFO success: php-fpm entered RUNNING state, process has stayed up for > than 1 seconds (startsecs)
2025-07-23 12:03:39,995 WARN exited: nginx (exit status 1; not expected)
2025-07-23 12:03:41,999 INFO spawned: 'nginx' with pid 12
2025-07-23 12:03:42,011 WARN exited: nginx (exit status 1; not expected)
2025-07-23 12:03:45,017 INFO spawned: 'nginx' with pid 13
2025-07-23 12:03:45,031 WARN exited: nginx (exit status 1; not expected)
2025-07-23 12:03:45,032 INFO gave up: nginx entered FATAL state, too many start retries too quickly
2025-07-23 12:20:37,436 WARN received SIGQUIT indicating exit request
2025-07-23 12:20:37,437 INFO waiting for php-fpm to die
2025-07-23 12:20:37,446 INFO stopped: php-fpm (exit status 0)
2025-07-23 12:20:44,646 INFO supervisord started with pid 1
2025-07-23 12:20:45,649 INFO spawned: 'nginx' with pid 7
2025-07-23 12:20:45,653 INFO spawned: 'php-fpm' with pid 8
2025-07-23 12:20:45,667 WARN exited: nginx (exit status 1; not expected)
2025-07-23 12:20:46,727 INFO spawned: 'nginx' with pid 11
2025-07-23 12:20:46,728 INFO success: php-fpm entered RUNNING state, process has stayed up for > than 1 seconds (startsecs)
2025-07-23 12:20:46,742 WARN exited: nginx (exit status 1; not expected)
2025-07-23 12:20:48,748 INFO spawned: 'nginx' with pid 12
2025-07-23 12:20:48,761 WARN exited: nginx (exit status 1; not expected)
2025-07-23 12:20:51,769 INFO spawned: 'nginx' with pid 13
2025-07-23 12:20:51,781 WARN exited: nginx (exit status 1; not expected)
2025-07-23 12:20:52,571 INFO gave up: nginx entered FATAL state, too many start retries too quickly
2025-07-23 14:20:55,972 WARN received SIGQUIT indicating exit request
2025-07-23 14:20:55,973 INFO waiting for php-fpm to die
2025-07-23 14:20:55,983 INFO stopped: php-fpm (exit status 0)
2025-07-23 14:21:07,339 INFO supervisord started with pid 1
2025-07-23 14:21:08,342 INFO spawned: 'nginx' with pid 7
2025-07-23 14:21:08,344 INFO spawned: 'php-fpm' with pid 8
2025-07-23 14:21:08,353 WARN exited: nginx (exit status 1; not expected)
2025-07-23 14:21:09,384 INFO spawned: 'nginx' with pid 11
2025-07-23 14:21:09,385 INFO success: php-fpm entered RUNNING state, process has stayed up for > than 1 seconds (startsecs)
2025-07-23 14:21:09,395 WARN exited: nginx (exit status 1; not expected)
2025-07-23 14:21:11,399 INFO spawned: 'nginx' with pid 12
2025-07-23 14:21:11,410 WARN exited: nginx (exit status 1; not expected)
2025-07-23 14:21:14,416 INFO spawned: 'nginx' with pid 13
2025-07-23 14:21:14,426 WARN exited: nginx (exit status 1; not expected)
2025-07-23 14:21:15,427 INFO gave up: nginx entered FATAL state, too many start retries too quickly
2025-07-23 15:59:13,732 WARN received SIGQUIT indicating exit request
2025-07-23 15:59:13,732 INFO waiting for php-fpm to die
2025-07-23 15:59:13,741 INFO stopped: php-fpm (exit status 0)
2025-07-23 16:06:13,884 INFO supervisord started with pid 1
2025-07-23 16:06:14,887 INFO spawned: 'nginx' with pid 7
2025-07-23 16:06:14,889 INFO spawned: 'php-fpm' with pid 8
2025-07-23 16:06:14,898 WARN exited: nginx (exit status 1; not expected)
2025-07-23 16:06:15,929 INFO spawned: 'nginx' with pid 11
2025-07-23 16:06:15,929 INFO success: php-fpm entered RUNNING state, process has stayed up for > than 1 seconds (startsecs)
2025-07-23 16:06:15,938 WARN exited: nginx (exit status 1; not expected)
2025-07-23 16:06:17,941 INFO spawned: 'nginx' with pid 12
2025-07-23 16:06:17,951 WARN exited: nginx (exit status 1; not expected)
2025-07-23 16:06:20,956 INFO spawned: 'nginx' with pid 13
2025-07-23 16:06:20,967 WARN exited: nginx (exit status 1; not expected)
2025-07-23 16:06:21,969 INFO gave up: nginx entered FATAL state, too many start retries too quickly
2025-07-23 16:41:22,383 WARN received SIGQUIT indicating exit request
2025-07-23 16:41:22,383 INFO waiting for php-fpm to die
2025-07-23 16:41:22,394 INFO stopped: php-fpm (exit status 0)
2025-07-23 16:46:26,545 INFO supervisord started with pid 1
2025-07-23 16:46:27,549 INFO spawned: 'nginx' with pid 7
2025-07-23 16:46:27,551 INFO spawned: 'php-fpm' with pid 8
2025-07-23 16:46:27,564 WARN exited: nginx (exit status 1; not expected)
2025-07-23 16:46:28,600 INFO spawned: 'nginx' with pid 11
2025-07-23 16:46:28,601 INFO success: php-fpm entered RUNNING state, process has stayed up for > than 1 seconds (startsecs)
2025-07-23 16:46:28,611 WARN exited: nginx (exit status 1; not expected)
2025-07-23 16:46:30,615 INFO spawned: 'nginx' with pid 12
2025-07-23 16:46:30,626 WARN exited: nginx (exit status 1; not expected)
2025-07-23 16:46:33,630 INFO spawned: 'nginx' with pid 13
2025-07-23 16:46:33,642 WARN exited: nginx (exit status 1; not expected)
2025-07-23 16:46:34,643 INFO gave up: nginx entered FATAL state, too many start retries too quickly
2025-07-23 17:07:46,846 WARN received SIGQUIT indicating exit request
2025-07-23 17:07:46,847 INFO waiting for php-fpm to die
2025-07-23 17:07:46,857 INFO stopped: php-fpm (exit status 0)
2025-07-23 17:07:57,761 INFO supervisord started with pid 1
2025-07-23 17:07:58,765 INFO spawned: 'nginx' with pid 7
2025-07-23 17:07:58,768 INFO spawned: 'php-fpm' with pid 8
2025-07-23 17:07:58,776 WARN exited: nginx (exit status 1; not expected)
2025-07-23 17:07:59,811 INFO spawned: 'nginx' with pid 11
2025-07-23 17:07:59,811 INFO success: php-fpm entered RUNNING state, process has stayed up for > than 1 seconds (startsecs)
2025-07-23 17:07:59,822 WARN exited: nginx (exit status 1; not expected)
2025-07-23 17:08:01,826 INFO spawned: 'nginx' with pid 12
2025-07-23 17:08:01,836 WARN exited: nginx (exit status 1; not expected)
2025-07-23 17:08:04,842 INFO spawned: 'nginx' with pid 13
2025-07-23 17:08:04,852 WARN exited: nginx (exit status 1; not expected)
2025-07-23 17:08:05,853 INFO gave up: nginx entered FATAL state, too many start retries too quickly
2025-07-23 17:08:40,498 WARN received SIGQUIT indicating exit request
2025-07-23 17:08:40,498 INFO waiting for php-fpm to die
2025-07-23 17:08:40,508 INFO stopped: php-fpm (exit status 0)
2025-07-23 17:08:45,532 INFO supervisord started with pid 1
2025-07-23 17:08:46,534 INFO spawned: 'nginx' with pid 7
2025-07-23 17:08:46,537 INFO spawned: 'php-fpm' with pid 8
2025-07-23 17:08:46,545 WARN exited: nginx (exit status 1; not expected)
2025-07-23 17:08:47,575 INFO spawned: 'nginx' with pid 11
2025-07-23 17:08:47,576 INFO success: php-fpm entered RUNNING state, process has stayed up for > than 1 seconds (startsecs)
2025-07-23 17:08:47,586 WARN exited: nginx (exit status 1; not expected)
2025-07-23 17:08:49,590 INFO spawned: 'nginx' with pid 12
2025-07-23 17:08:49,601 WARN exited: nginx (exit status 1; not expected)
2025-07-23 17:08:53,015 INFO spawned: 'nginx' with pid 13
2025-07-23 17:08:53,025 WARN exited: nginx (exit status 1; not expected)
2025-07-23 17:08:54,026 INFO gave up: nginx entered FATAL state, too many start retries too quickly
2025-07-23 17:59:34,408 WARN received SIGQUIT indicating exit request
2025-07-23 17:59:34,408 INFO waiting for php-fpm to die
2025-07-23 17:59:34,417 INFO stopped: php-fpm (exit status 0)
2025-07-23 17:59:41,190 INFO supervisord started with pid 1
2025-07-23 17:59:42,193 INFO spawned: 'nginx' with pid 7
2025-07-23 17:59:42,194 INFO spawned: 'php-fpm' with pid 8
2025-07-23 17:59:42,204 WARN exited: nginx (exit status 1; not expected)
2025-07-23 17:59:43,238 INFO spawned: 'nginx' with pid 11
2025-07-23 17:59:43,238 INFO success: php-fpm entered RUNNING state, process has stayed up for > than 1 seconds (startsecs)
2025-07-23 17:59:43,246 WARN exited: nginx (exit status 1; not expected)
2025-07-23 17:59:45,251 INFO spawned: 'nginx' with pid 12
2025-07-23 17:59:45,263 WARN exited: nginx (exit status 1; not expected)
2025-07-23 17:59:48,267 INFO spawned: 'nginx' with pid 13
2025-07-23 17:59:48,278 WARN exited: nginx (exit status 1; not expected)
2025-07-23 17:59:49,279 INFO gave up: nginx entered FATAL state, too many start retries too quickly
2025-07-23 18:13:06,208 WARN received SIGQUIT indicating exit request
2025-07-23 18:13:06,208 INFO waiting for php-fpm to die
2025-07-23 18:13:06,216 INFO stopped: php-fpm (exit status 0)
2025-07-23 18:13:27,993 INFO supervisord started with pid 1
2025-07-23 18:13:28,996 INFO spawned: 'nginx' with pid 7
2025-07-23 18:13:28,999 INFO spawned: 'php-fpm' with pid 8
2025-07-23 18:13:29,005 WARN exited: nginx (exit status 1; not expected)
2025-07-23 18:13:30,041 INFO spawned: 'nginx' with pid 11
2025-07-23 18:13:30,041 INFO success: php-fpm entered RUNNING state, process has stayed up for > than 1 seconds (startsecs)
2025-07-23 18:13:30,051 WARN exited: nginx (exit status 1; not expected)
2025-07-23 18:13:32,055 INFO spawned: 'nginx' with pid 12
2025-07-23 18:13:32,066 WARN exited: nginx (exit status 1; not expected)
2025-07-23 18:13:35,072 INFO spawned: 'nginx' with pid 13
2025-07-23 18:13:35,081 WARN exited: nginx (exit status 1; not expected)
2025-07-23 18:13:36,083 INFO gave up: nginx entered FATAL state, too many start retries too quickly
2025-07-23 18:20:00,403 WARN received SIGQUIT indicating exit request
2025-07-23 18:20:00,403 INFO waiting for php-fpm to die
2025-07-23 18:20:00,411 INFO stopped: php-fpm (exit status 0)
2025-07-23 18:20:06,999 INFO supervisord started with pid 1
2025-07-23 18:20:08,002 INFO spawned: 'nginx' with pid 7
2025-07-23 18:20:08,003 INFO spawned: 'php-fpm' with pid 8
2025-07-23 18:20:08,012 WARN exited: nginx (exit status 1; not expected)
2025-07-23 18:20:09,044 INFO spawned: 'nginx' with pid 11
2025-07-23 18:20:09,044 INFO success: php-fpm entered RUNNING state, process has stayed up for > than 1 seconds (startsecs)
2025-07-23 18:20:09,055 WARN exited: nginx (exit status 1; not expected)
2025-07-23 18:20:11,060 INFO spawned: 'nginx' with pid 12
2025-07-23 18:20:11,071 WARN exited: nginx (exit status 1; not expected)
2025-07-23 18:20:14,076 INFO spawned: 'nginx' with pid 13
2025-07-23 18:20:14,087 WARN exited: nginx (exit status 1; not expected)
2025-07-23 18:20:15,088 INFO gave up: nginx entered FATAL state, too many start retries too quickly
2025-07-23 18:25:33,443 INFO reaped unknown pid 26 (exit status 0)
2025-07-23 18:32:21,905 INFO reaped unknown pid 35 (exit status 0)
2025-07-23 18:40:28,463 INFO reaped unknown pid 57 (exit status 0)
2025-07-23 18:44:39,750 INFO reaped unknown pid 72 (exit status 0)
2025-07-23 18:55:14,500 WARN received SIGQUIT indicating exit request
2025-07-23 18:55:14,500 INFO waiting for php-fpm to die
2025-07-23 18:55:14,510 INFO stopped: php-fpm (exit status 0)
2025-07-23 18:56:56,013 INFO supervisord started with pid 1
2025-07-23 18:56:57,017 INFO spawned: 'nginx' with pid 7
2025-07-23 18:56:57,019 INFO spawned: 'php-fpm' with pid 8
2025-07-23 18:56:57,027 WARN exited: nginx (exit status 1; not expected)
2025-07-23 18:56:58,067 INFO spawned: 'nginx' with pid 11
2025-07-23 18:56:58,067 INFO success: php-fpm entered RUNNING state, process has stayed up for > than 1 seconds (startsecs)
2025-07-23 18:56:58,078 WARN exited: nginx (exit status 1; not expected)
2025-07-23 18:57:00,083 INFO spawned: 'nginx' with pid 12
2025-07-23 18:57:00,094 WARN exited: nginx (exit status 1; not expected)
2025-07-23 18:57:03,100 INFO spawned: 'nginx' with pid 13
2025-07-23 18:57:03,110 WARN exited: nginx (exit status 1; not expected)
2025-07-23 18:57:04,111 INFO gave up: nginx entered FATAL state, too many start retries too quickly
2025-07-23 18:57:04,111 WARN received SIGQUIT indicating exit request
2025-07-23 18:57:04,111 INFO waiting for php-fpm to die
2025-07-23 18:57:04,117 INFO stopped: php-fpm (exit status 0)
2025-07-23 19:00:11,806 INFO supervisord started with pid 1
2025-07-23 19:00:12,809 INFO spawned: 'nginx' with pid 7
2025-07-23 19:00:12,810 INFO spawned: 'php-fpm' with pid 8
2025-07-23 19:00:12,820 WARN exited: nginx (exit status 1; not expected)
2025-07-23 19:00:13,856 INFO spawned: 'nginx' with pid 11
2025-07-23 19:00:13,856 INFO success: php-fpm entered RUNNING state, process has stayed up for > than 1 seconds (startsecs)
2025-07-23 19:00:13,867 WARN exited: nginx (exit status 1; not expected)
2025-07-23 19:00:15,871 INFO spawned: 'nginx' with pid 12
2025-07-23 19:00:15,881 WARN exited: nginx (exit status 1; not expected)
2025-07-23 19:00:18,887 INFO spawned: 'nginx' with pid 13
2025-07-23 19:00:18,900 WARN exited: nginx (exit status 1; not expected)
2025-07-23 19:00:18,901 INFO gave up: nginx entered FATAL state, too many start retries too quickly
2025-07-23 19:07:45,952 WARN received SIGQUIT indicating exit request
2025-07-23 19:07:45,953 INFO waiting for php-fpm to die
2025-07-23 19:07:45,962 INFO stopped: php-fpm (exit status 0)
2025-07-23 19:07:53,874 INFO supervisord started with pid 1
2025-07-23 19:07:54,877 INFO spawned: 'nginx' with pid 7
2025-07-23 19:07:54,880 INFO spawned: 'php-fpm' with pid 8
2025-07-23 19:07:54,886 WARN exited: nginx (exit status 1; not expected)
2025-07-23 19:07:55,919 INFO spawned: 'nginx' with pid 11
2025-07-23 19:07:55,919 INFO success: php-fpm entered RUNNING state, process has stayed up for > than 1 seconds (startsecs)
2025-07-23 19:07:55,934 WARN exited: nginx (exit status 1; not expected)
2025-07-23 19:07:57,939 INFO spawned: 'nginx' with pid 12
2025-07-23 19:07:57,953 WARN exited: nginx (exit status 1; not expected)
2025-07-23 19:08:00,959 INFO spawned: 'nginx' with pid 13
2025-07-23 19:08:00,972 WARN exited: nginx (exit status 1; not expected)
2025-07-23 19:08:01,973 INFO gave up: nginx entered FATAL state, too many start retries too quickly
2025-07-23 19:08:56,136 WARN received SIGQUIT indicating exit request
2025-07-23 19:08:56,136 INFO waiting for php-fpm to die
2025-07-23 19:08:56,143 INFO stopped: php-fpm (exit status 0)
2025-07-23 19:09:01,228 INFO supervisord started with pid 1
2025-07-23 19:09:02,231 INFO spawned: 'nginx' with pid 8
2025-07-23 19:09:02,234 INFO spawned: 'php-fpm' with pid 9
2025-07-23 19:09:02,246 WARN exited: nginx (exit status 1; not expected)
2025-07-23 19:09:03,291 INFO spawned: 'nginx' with pid 12
2025-07-23 19:09:03,292 INFO success: php-fpm entered RUNNING state, process has stayed up for > than 1 seconds (startsecs)
2025-07-23 19:09:03,313 WARN exited: nginx (exit status 1; not expected)
2025-07-23 19:09:05,318 INFO spawned: 'nginx' with pid 13
2025-07-23 19:09:05,332 WARN exited: nginx (exit status 1; not expected)
2025-07-23 19:09:08,465 INFO spawned: 'nginx' with pid 14
2025-07-23 19:09:08,478 WARN exited: nginx (exit status 1; not expected)
2025-07-23 19:09:09,479 INFO gave up: nginx entered FATAL state, too many start retries too quickly
2025-07-23 19:12:02,432 WARN received SIGQUIT indicating exit request
2025-07-23 19:12:02,433 INFO waiting for php-fpm to die
2025-07-23 19:12:02,445 INFO stopped: php-fpm (exit status 0)
2025-07-23 19:12:07,241 INFO supervisord started with pid 1
2025-07-23 19:12:08,244 INFO spawned: 'nginx' with pid 7
2025-07-23 19:12:08,245 INFO spawned: 'php-fpm' with pid 8
2025-07-23 19:12:08,253 WARN exited: nginx (exit status 1; not expected)
2025-07-23 19:12:09,286 INFO spawned: 'nginx' with pid 11
2025-07-23 19:12:09,287 INFO success: php-fpm entered RUNNING state, process has stayed up for > than 1 seconds (startsecs)
2025-07-23 19:12:09,297 WARN exited: nginx (exit status 1; not expected)
2025-07-23 19:12:11,302 INFO spawned: 'nginx' with pid 12
2025-07-23 19:12:11,313 WARN exited: nginx (exit status 1; not expected)
2025-07-23 19:12:14,320 INFO spawned: 'nginx' with pid 13
2025-07-23 19:12:14,330 WARN exited: nginx (exit status 1; not expected)
2025-07-23 19:12:15,332 INFO gave up: nginx entered FATAL state, too many start retries too quickly
2025-07-23 19:15:09,136 WARN received SIGQUIT indicating exit request
2025-07-23 19:15:09,137 INFO waiting for php-fpm to die
2025-07-23 19:15:09,146 INFO stopped: php-fpm (exit status 0)
2025-07-23 19:15:15,475 INFO supervisord started with pid 1
2025-07-23 19:15:16,478 INFO spawned: 'nginx' with pid 7
2025-07-23 19:15:16,481 INFO spawned: 'php-fpm' with pid 8
2025-07-23 19:15:16,490 WARN exited: nginx (exit status 1; not expected)
2025-07-23 19:15:17,522 INFO spawned: 'nginx' with pid 11
2025-07-23 19:15:17,522 INFO success: php-fpm entered RUNNING state, process has stayed up for > than 1 seconds (startsecs)
2025-07-23 19:15:17,533 WARN exited: nginx (exit status 1; not expected)
2025-07-23 19:15:19,537 INFO spawned: 'nginx' with pid 12
2025-07-23 19:15:19,551 WARN exited: nginx (exit status 1; not expected)
2025-07-23 19:15:22,557 INFO spawned: 'nginx' with pid 13
2025-07-23 19:15:22,571 WARN exited: nginx (exit status 1; not expected)
2025-07-23 19:15:23,572 INFO gave up: nginx entered FATAL state, too many start retries too quickly
2025-07-23 19:22:28,951 WARN received SIGQUIT indicating exit request
2025-07-23 19:22:28,951 INFO waiting for php-fpm to die
2025-07-23 19:22:28,961 INFO stopped: php-fpm (exit status 0)
2025-07-23 19:22:33,692 INFO supervisord started with pid 1
2025-07-23 19:22:34,695 INFO spawned: 'nginx' with pid 7
2025-07-23 19:22:34,697 INFO spawned: 'php-fpm' with pid 8
2025-07-23 19:22:34,706 WARN exited: nginx (exit status 1; not expected)
2025-07-23 19:22:35,737 INFO spawned: 'nginx' with pid 11
2025-07-23 19:22:35,738 INFO success: php-fpm entered RUNNING state, process has stayed up for > than 1 seconds (startsecs)
2025-07-23 19:22:35,750 WARN exited: nginx (exit status 1; not expected)
2025-07-23 19:22:37,755 INFO spawned: 'nginx' with pid 12
2025-07-23 19:22:37,768 WARN exited: nginx (exit status 1; not expected)
2025-07-23 19:22:40,773 INFO spawned: 'nginx' with pid 13
2025-07-23 19:22:40,784 WARN exited: nginx (exit status 1; not expected)
2025-07-23 19:22:41,785 INFO gave up: nginx entered FATAL state, too many start retries too quickly
